2019-04-11 10:38:01.309  INFO 15080 --- [main] c.l.servicezuul.ServiceZuulApplication   : No active profile set, falling back to default profiles: default
2019-04-11 10:38:01.329  INFO 15080 --- [main] ConfigServletWebServerApplicationContext : Refreshing org.springframework.boot.web.servlet.context.AnnotationConfigServletWebServerApplicationContext@7582ff54: startup date [Thu Apr 11 10:38:01 CST 2019]; parent: org.springframework.context.annotation.AnnotationConfigApplicationContext@1bd4fdd
2019-04-11 10:38:02.232  INFO 15080 --- [main] o.s.b.f.s.DefaultListableBeanFactory     : Overriding bean definition for bean 'proxyRequestHelper' with a different definition: replacing [Root bean: class [null]; scope=; abstract=false; lazyInit=false; autowireMode=3; dependencyCheck=0; autowireCandidate=true; primary=false; factoryBeanName=org.springframework.cloud.netflix.zuul.ZuulProxyAutoConfiguration$EndpointConfiguration; factoryMethodName=proxyRequestHelper; initMethodName=null; destroyMethodName=(inferred); defined in class path resource [org/springframework/cloud/netflix/zuul/ZuulProxyAutoConfiguration$EndpointConfiguration.class]] with [Root bean: class [null]; scope=; abstract=false; lazyInit=false; autowireMode=3; dependencyCheck=0; autowireCandidate=true; primary=false; factoryBeanName=org.springframework.cloud.netflix.zuul.ZuulProxyAutoConfiguration$NoActuatorConfiguration; factoryMethodName=proxyRequestHelper; initMethodName=null; destroyMethodName=(inferred); defined in class path resource [org/springframework/cloud/netflix/zuul/ZuulProxyAutoConfiguration$NoActuatorConfiguration.class]]
2019-04-11 10:38:02.242  INFO 15080 --- [main] o.s.b.f.s.DefaultListableBeanFactory     : Overriding bean definition for bean 'counterFactory' with a different definition: replacing [Root bean: class [null]; scope=; abstract=false; lazyInit=false; autowireMode=3; dependencyCheck=0; autowireCandidate=true; primary=false; factoryBeanName=org.springframework.cloud.netflix.zuul.ZuulServerAutoConfiguration$ZuulMetricsConfiguration; factoryMethodName=counterFactory; initMethodName=null; destroyMethodName=(inferred); defined in class path resource [org/springframework/cloud/netflix/zuul/ZuulServerAutoConfiguration$ZuulMetricsConfiguration.class]] with [Root bean: class [null]; scope=; abstract=false; lazyInit=false; autowireMode=3; dependencyCheck=0; autowireCandidate=true; primary=false; factoryBeanName=org.springframework.cloud.netflix.zuul.ZuulServerAutoConfiguration$ZuulCounterFactoryConfiguration; factoryMethodName=counterFactory; initMethodName=null; destroyMethodName=(inferred); defined in class path resource [org/springframework/cloud/netflix/zuul/ZuulServerAutoConfiguration$ZuulCounterFactoryConfiguration.class]]
2019-04-11 10:38:02.511  INFO 15080 --- [main] o.s.cloud.context.scope.GenericScope     : BeanFactory id=7516930f-3445-3ad9-8eb4-6ebef397eaaa
2019-04-11 10:38:02.534  INFO 15080 --- [main] f.a.AutowiredAnnotationBeanPostProcessor : JSR-330 'javax.inject.Inject' annotation found and supported for autowiring
2019-04-11 10:38:02.775  INFO 15080 --- [main] trationDelegate$BeanPostProcessorChecker : Bean 'org.springframework.cloud.autoconfigure.ConfigurationPropertiesRebinderAutoConfiguration' of type [org.springframework.cloud.autoconfigure.ConfigurationPropertiesRebinderAutoConfiguration$$EnhancerBySpringCGLIB$$3959e576] is not eligible for getting processed by all BeanPostProcessors (for example: not eligible for auto-proxying)
2019-04-11 10:38:03.115  INFO 15080 --- [main] o.s.b.w.embedded.tomcat.TomcatWebServer  : Tomcat initialized with port(s): 8769 (http)
2019-04-11 10:38:03.139  INFO 15080 --- [main] o.apache.catalina.core.StandardService   : Starting service [Tomcat]
2019-04-11 10:38:03.140  INFO 15080 --- [main] org.apache.catalina.core.StandardEngine  : Starting Servlet Engine: Apache Tomcat/8.5.31
2019-04-11 10:38:03.147  INFO 15080 --- [localhost-startStop-1] o.a.catalina.core.AprLifecycleListener   : The APR based Apache Tomcat Native library which allows optimal performance in production environments was not found on the java.library.path: [C:\Program Files\Java\jdk\bin;C:\WINDOWS\Sun\Java\bin;C:\WINDOWS\system32;C:\WINDOWS;C:\Perl64\site\bin;C:\Perl64\bin;C:\Program Files\VanDyke Software\Clients\;C:\ProgramData\Oracle\Java\javapath;C:\Program Files\Java\jdk\bin;C:\Windows\system32;C:\Windows;C:\Windows\System32\Wbem;C:\Windows\System32\WindowsPowerShell\v1.0\;C:\Program Files (x86)\NVIDIA Corporation\PhysX\Common;C:\Program Files\Intel\WiFi\bin\;C:\Program Files\Common Files\Intel\WirelessCommon\;C:\WINDOWS\system32;C:\WINDOWS;C:\WINDOWS\System32\Wbem;C:\WINDOWS\System32\WindowsPowerShell\v1.0\;C:\Program Files\TortoiseSVN\bin;C:\Program Files\Java\jdk\jre\bin;C:\Program Files\MySQL\MySQL Server 5.7\bin;C:\WINDOWS\System32\OpenSSH\;C:\Program Files\Git\cmd;D:\nodejs\;C:\Users\杨舜\AppData\Local\Google\Chrome\Application\;D:\Apache\maven\bin\;C:\Redis\;D:\program\erl10.3\bin;C:\Users\杨舜\AppData\Local\Programs\Python\Python37\Scripts\;C:\Users\杨舜\AppData\Local\Programs\Python\Python37\;C:\Users\杨舜\AppData\Local\Microsoft\WindowsApps;C:\Users\杨舜\AppData\Roaming\npm;C:\Users\杨舜\AppData\Local\GitHubDesktop\bin;.]
2019-04-11 10:38:03.324  INFO 15080 --- [localhost-startStop-1] o.a.c.c.C.[Tomcat].[localhost].[/]       : Initializing Spring embedded WebApplicationContext
2019-04-11 10:38:03.325  INFO 15080 --- [localhost-startStop-1] o.s.web.context.ContextLoader            : Root WebApplicationContext: initialization completed in 1996 ms
2019-04-11 10:38:03.993  WARN 15080 --- [localhost-startStop-1] c.n.c.sources.URLConfigurationSource     : No URLs will be polled as dynamic configuration sources.
2019-04-11 10:38:03.994  INFO 15080 --- [localhost-startStop-1] c.n.c.sources.URLConfigurationSource     : To enable URLs as dynamic configuration sources, define System property archaius.configurationSource.additionalUrls or make config.properties available on classpath.
2019-04-11 10:38:04.006  INFO 15080 --- [localhost-startStop-1] c.netflix.config.DynamicPropertyFactory  : DynamicPropertyFactory is initialized with configuration sources: com.netflix.config.ConcurrentCompositeConfiguration@b4fe7ec
2019-04-11 10:38:05.706  INFO 15080 --- [localhost-startStop-1] o.s.cloud.commons.util.InetUtils         : Cannot determine local hostname
2019-04-11 10:38:07.414  INFO 15080 --- [localhost-startStop-1] o.s.cloud.commons.util.InetUtils         : Cannot determine local hostname
2019-04-11 10:38:08.328  INFO 15080 --- [localhost-startStop-1] o.s.b.w.servlet.ServletRegistrationBean  : Servlet dispatcherServlet mapped to [/]
2019-04-11 10:38:08.329  INFO 15080 --- [localhost-startStop-1] o.s.b.w.servlet.ServletRegistrationBean  : Servlet zuulServlet mapped to [/zuul/*]
2019-04-11 10:38:08.334  INFO 15080 --- [localhost-startStop-1] o.s.b.w.servlet.FilterRegistrationBean   : Mapping filter: 'characterEncodingFilter' to: [/*]
2019-04-11 10:38:08.335  INFO 15080 --- [localhost-startStop-1] o.s.b.w.servlet.FilterRegistrationBean   : Mapping filter: 'hiddenHttpMethodFilter' to: [/*]
2019-04-11 10:38:08.335  INFO 15080 --- [localhost-startStop-1] o.s.b.w.servlet.FilterRegistrationBean   : Mapping filter: 'httpPutFormContentFilter' to: [/*]
2019-04-11 10:38:08.335  INFO 15080 --- [localhost-startStop-1] o.s.b.w.servlet.FilterRegistrationBean   : Mapping filter: 'requestContextFilter' to: [/*]
2019-04-11 10:38:08.335  INFO 15080 --- [localhost-startStop-1] o.s.b.w.servlet.FilterRegistrationBean   : Mapping filter: 'httpTraceFilter' to: [/*]
2019-04-11 10:38:08.336  INFO 15080 --- [localhost-startStop-1] o.s.b.w.servlet.FilterRegistrationBean   : Mapping filter: 'webMvcMetricsFilter' to: [/*]
2019-04-11 10:38:08.428  WARN 15080 --- [main] c.n.c.sources.URLConfigurationSource     : No URLs will be polled as dynamic configuration sources.
2019-04-11 10:38:08.428  INFO 15080 --- [main] c.n.c.sources.URLConfigurationSource     : To enable URLs as dynamic configuration sources, define System property archaius.configurationSource.additionalUrls or make config.properties available on classpath.
2019-04-11 10:38:08.551  INFO 15080 --- [main] o.s.w.s.handler.SimpleUrlHandlerMapping  : Mapped URL path [/**/favicon.ico] onto handler of type [class org.springframework.web.servlet.resource.ResourceHttpRequestHandler]
2019-04-11 10:38:08.801  INFO 15080 --- [main] s.w.s.m.m.a.RequestMappingHandlerAdapter : Looking for @ControllerAdvice: org.springframework.boot.web.servlet.context.AnnotationConfigServletWebServerApplicationContext@7582ff54: startup date [Thu Apr 11 10:38:01 CST 2019]; parent: org.springframework.context.annotation.AnnotationConfigApplicationContext@1bd4fdd
2019-04-11 10:38:08.879  INFO 15080 --- [main] s.w.s.m.m.a.RequestMappingHandlerMapping : Mapped "{[/error]}" onto public org.springframework.http.ResponseEntity<java.util.Map<java.lang.String, java.lang.Object>> org.springframework.boot.autoconfigure.web.servlet.error.BasicErrorController.error(javax.servlet.http.HttpServletRequest)
2019-04-11 10:38:08.881  INFO 15080 --- [main] s.w.s.m.m.a.RequestMappingHandlerMapping : Mapped "{[/error],produces=[text/html]}" onto public org.springframework.web.servlet.ModelAndView org.springframework.boot.autoconfigure.web.servlet.error.BasicErrorController.errorHtml(javax.servlet.http.HttpServletRequest,javax.servlet.http.HttpServletResponse)
2019-04-11 10:38:08.920  INFO 15080 --- [main] o.s.w.s.handler.SimpleUrlHandlerMapping  : Mapped URL path [/webjars/**] onto handler of type [class org.springframework.web.servlet.resource.ResourceHttpRequestHandler]
2019-04-11 10:38:08.920  INFO 15080 --- [main] o.s.w.s.handler.SimpleUrlHandlerMapping  : Mapped URL path [/**] onto handler of type [class org.springframework.web.servlet.resource.ResourceHttpRequestHandler]
2019-04-11 10:38:10.035  INFO 15080 --- [main] o.s.c.n.zuul.ZuulFilterInitializer       : Starting filter initializer
2019-04-11 10:38:10.074  INFO 15080 --- [main] o.s.b.a.e.web.EndpointLinksResolver      : Exposing 2 endpoint(s) beneath base path '/actuator'
2019-04-11 10:38:10.090  INFO 15080 --- [main] s.b.a.e.w.s.WebMvcEndpointHandlerMapping : Mapped "{[/actuator/health],methods=[GET],produces=[application/vnd.spring-boot.actuator.v2+json || application/json]}" onto public java.lang.Object org.springframework.boot.actuate.endpoint.web.servlet.AbstractWebMvcEndpointHandlerMapping$OperationHandler.handle(javax.servlet.http.HttpServletRequest,java.util.Map<java.lang.String, java.lang.String>)
2019-04-11 10:38:10.091  INFO 15080 --- [main] s.b.a.e.w.s.WebMvcEndpointHandlerMapping : Mapped "{[/actuator/info],methods=[GET],produces=[application/vnd.spring-boot.actuator.v2+json || application/json]}" onto public java.lang.Object org.springframework.boot.actuate.endpoint.web.servlet.AbstractWebMvcEndpointHandlerMapping$OperationHandler.handle(javax.servlet.http.HttpServletRequest,java.util.Map<java.lang.String, java.lang.String>)
2019-04-11 10:38:10.092  INFO 15080 --- [main] s.b.a.e.w.s.WebMvcEndpointHandlerMapping : Mapped "{[/actuator],methods=[GET],produces=[application/vnd.spring-boot.actuator.v2+json || application/json]}" onto protected java.util.Map<java.lang.String, java.util.Map<java.lang.String, org.springframework.boot.actuate.endpoint.web.Link>> org.springframework.boot.actuate.endpoint.web.servlet.WebMvcEndpointHandlerMapping.links(javax.servlet.http.HttpServletRequest,javax.servlet.http.HttpServletResponse)
2019-04-11 10:38:10.183  INFO 15080 --- [main] o.s.j.e.a.AnnotationMBeanExporter        : Registering beans for JMX exposure on startup
2019-04-11 10:38:10.194  INFO 15080 --- [main] o.s.j.e.a.AnnotationMBeanExporter        : Bean with name 'environmentManager' has been autodetected for JMX exposure
2019-04-11 10:38:10.197  INFO 15080 --- [main] o.s.j.e.a.AnnotationMBeanExporter        : Bean with name 'configurationPropertiesRebinder' has been autodetected for JMX exposure
2019-04-11 10:38:10.197  INFO 15080 --- [main] o.s.j.e.a.AnnotationMBeanExporter        : Bean with name 'refreshScope' has been autodetected for JMX exposure
2019-04-11 10:38:10.202  INFO 15080 --- [main] o.s.j.e.a.AnnotationMBeanExporter        : Located managed bean 'environmentManager': registering with JMX server as MBean [org.springframework.cloud.context.environment:name=environmentManager,type=EnvironmentManager]
2019-04-11 10:38:10.211  INFO 15080 --- [main] o.s.j.e.a.AnnotationMBeanExporter        : Located managed bean 'refreshScope': registering with JMX server as MBean [org.springframework.cloud.context.scope.refresh:name=refreshScope,type=RefreshScope]
2019-04-11 10:38:10.223  INFO 15080 --- [main] o.s.j.e.a.AnnotationMBeanExporter        : Located managed bean 'configurationPropertiesRebinder': registering with JMX server as MBean [org.springframework.cloud.context.properties:name=configurationPropertiesRebinder,context=7582ff54,type=ConfigurationPropertiesRebinder]
2019-04-11 10:38:10.235  INFO 15080 --- [main] o.s.c.support.DefaultLifecycleProcessor  : Starting beans in phase 0
2019-04-11 10:38:10.248  INFO 15080 --- [main] o.s.c.n.eureka.InstanceInfoFactory       : Setting initial instance status as: STARTING
2019-04-11 10:38:10.330  INFO 15080 --- [main] com.netflix.discovery.DiscoveryClient    : Initializing Eureka in region us-east-1
2019-04-11 10:38:10.398  INFO 15080 --- [main] c.n.d.provider.DiscoveryJerseyProvider   : Using JSON encoding codec LegacyJacksonJson
2019-04-11 10:38:10.398  INFO 15080 --- [main] c.n.d.provider.DiscoveryJerseyProvider   : Using JSON decoding codec LegacyJacksonJson
2019-04-11 10:38:10.544  INFO 15080 --- [main] c.n.d.provider.DiscoveryJerseyProvider   : Using XML encoding codec XStreamXml
2019-04-11 10:38:10.544  INFO 15080 --- [main] c.n.d.provider.DiscoveryJerseyProvider   : Using XML decoding codec XStreamXml
2019-04-11 10:38:10.727  INFO 15080 --- [main] c.n.d.s.r.aws.ConfigClusterResolver      : Resolving eureka endpoints via configuration
2019-04-11 10:38:11.010  INFO 15080 --- [main] com.netflix.discovery.DiscoveryClient    : Disable delta property : false
2019-04-11 10:38:11.010  INFO 15080 --- [main] com.netflix.discovery.DiscoveryClient    : Single vip registry refresh property : null
2019-04-11 10:38:11.010  INFO 15080 --- [main] com.netflix.discovery.DiscoveryClient    : Force full registry fetch : false
2019-04-11 10:38:11.010  INFO 15080 --- [main] com.netflix.discovery.DiscoveryClient    : Application is null : false
2019-04-11 10:38:11.010  INFO 15080 --- [main] com.netflix.discovery.DiscoveryClient    : Registered Applications size is zero : true
2019-04-11 10:38:11.010  INFO 15080 --- [main] com.netflix.discovery.DiscoveryClient    : Application version is -1: true
2019-04-11 10:38:11.010  INFO 15080 --- [main] com.netflix.discovery.DiscoveryClient    : Getting all instance registry info from the eureka server
2019-04-11 10:38:11.197  INFO 15080 --- [main] com.netflix.discovery.DiscoveryClient    : The response status is 200
2019-04-11 10:38:11.200  INFO 15080 --- [main] com.netflix.discovery.DiscoveryClient    : Starting heartbeat executor: renew interval is: 30
2019-04-11 10:38:11.203  INFO 15080 --- [main] c.n.discovery.InstanceInfoReplicator     : InstanceInfoReplicator onDemand update allowed rate per min is 4
2019-04-11 10:38:11.207  INFO 15080 --- [main] com.netflix.discovery.DiscoveryClient    : Discovery Client initialized at timestamp 1554950291206 with initial instances count: 5
2019-04-11 10:38:11.212  INFO 15080 --- [main] o.s.c.n.e.s.EurekaServiceRegistry        : Registering application service-zuul with eureka with status UP
2019-04-11 10:38:11.212  INFO 15080 --- [main] com.netflix.discovery.DiscoveryClient    : Saw local status change event StatusChangeEvent [timestamp=1554950291212, current=UP, previous=STARTING]
2019-04-11 10:38:11.214  INFO 15080 --- [DiscoveryClient-InstanceInfoReplicator-0] com.netflix.discovery.DiscoveryClient    : DiscoveryClient_SERVICE-ZUUL/localhost:service-zuul:8769: registering service...
2019-04-11 10:38:11.263  INFO 15080 --- [DiscoveryClient-InstanceInfoReplicator-0] com.netflix.discovery.DiscoveryClient    : DiscoveryClient_SERVICE-ZUUL/localhost:service-zuul:8769 - registration status: 204
2019-04-11 10:38:11.287  INFO 15080 --- [main] o.s.b.w.embedded.tomcat.TomcatWebServer  : Tomcat started on port(s): 8769 (http) with context path ''
2019-04-11 10:38:11.289  INFO 15080 --- [main] .s.c.n.e.s.EurekaAutoServiceRegistration : Updating port to 8769
2019-04-11 10:38:11.294  INFO 15080 --- [main] c.l.servicezuul.ServiceZuulApplication   : Started ServiceZuulApplication in 15.719 seconds (JVM running for 17.334)
2019-04-11 10:38:11.620  INFO 15080 --- [RMI TCP Connection(4)-127.0.0.1] o.a.c.c.C.[Tomcat].[localhost].[/]       : Initializing Spring FrameworkServlet 'dispatcherServlet'
2019-04-11 10:38:11.620  INFO 15080 --- [RMI TCP Connection(4)-127.0.0.1] o.s.web.servlet.DispatcherServlet        : FrameworkServlet 'dispatcherServlet': initialization started
2019-04-11 10:38:11.648  INFO 15080 --- [RMI TCP Connection(4)-127.0.0.1] o.s.web.servlet.DispatcherServlet        : FrameworkServlet 'dispatcherServlet': initialization completed in 28 ms
2019-04-11 10:38:21.556  INFO 15080 --- [http-nio-8769-exec-1] o.s.c.n.zuul.web.ZuulHandlerMapping      : Mapped URL path [/api-a/**] onto handler of type [class org.springframework.cloud.netflix.zuul.web.ZuulController]
2019-04-11 10:38:21.556  INFO 15080 --- [http-nio-8769-exec-1] o.s.c.n.zuul.web.ZuulHandlerMapping      : Mapped URL path [/api-b/**] onto handler of type [class org.springframework.cloud.netflix.zuul.web.ZuulController]
2019-04-11 10:38:21.557  INFO 15080 --- [http-nio-8769-exec-1] o.s.c.n.zuul.web.ZuulHandlerMapping      : Mapped URL path [/service-feign-hystrix/**] onto handler of type [class org.springframework.cloud.netflix.zuul.web.ZuulController]
2019-04-11 10:38:21.557  INFO 15080 --- [http-nio-8769-exec-1] o.s.c.n.zuul.web.ZuulHandlerMapping      : Mapped URL path [/service-ribbon-hystrix/**] onto handler of type [class org.springframework.cloud.netflix.zuul.web.ZuulController]
2019-04-11 10:38:21.557  INFO 15080 --- [http-nio-8769-exec-1] o.s.c.n.zuul.web.ZuulHandlerMapping      : Mapped URL path [/service-zuultest/**] onto handler of type [class org.springframework.cloud.netflix.zuul.web.ZuulController]
2019-04-11 10:38:21.557  INFO 15080 --- [http-nio-8769-exec-1] o.s.c.n.zuul.web.ZuulHandlerMapping      : Mapped URL path [/service-client/**] onto handler of type [class org.springframework.cloud.netflix.zuul.web.ZuulController]
2019-04-11 10:38:21.579  INFO 15080 --- [http-nio-8769-exec-1] com.lang.servicezuul.component.MyFilter  : GET >>> http://localhost:8769/api-b/hi
2019-04-11 10:38:21.581  WARN 15080 --- [http-nio-8769-exec-1] com.lang.servicezuul.component.MyFilter  : token is empty
2019-04-11 10:40:43.511  INFO 15080 --- [http-nio-8769-exec-6] com.lang.servicezuul.component.MyFilter  : GET >>> http://localhost:8769/api-b/hi
2019-04-11 10:40:43.517  WARN 15080 --- [http-nio-8769-exec-6] com.lang.servicezuul.component.MyFilter  : token is empty
2019-04-11 10:43:11.024  INFO 15080 --- [AsyncResolver-bootstrap-executor-0] c.n.d.s.r.aws.ConfigClusterResolver      : Resolving eureka endpoints via configuration
2019-04-11 10:43:16.120  INFO 15080 --- [http-nio-8769-exec-8] com.lang.servicezuul.component.MyFilter  : GET >>> http://localhost:8769/api-b/hi
2019-04-11 10:43:16.120  INFO 15080 --- [http-nio-8769-exec-8] com.lang.servicezuul.component.MyFilter  : ok
2019-04-11 10:43:16.145  INFO 15080 --- [http-nio-8769-exec-8] s.c.a.AnnotationConfigApplicationContext : Refreshing SpringClientFactory-service-feign-hystrix: startup date [Thu Apr 11 10:43:16 CST 2019]; parent: org.springframework.boot.web.servlet.context.AnnotationConfigServletWebServerApplicationContext@7582ff54
2019-04-11 10:43:16.226  INFO 15080 --- [http-nio-8769-exec-8] f.a.AutowiredAnnotationBeanPostProcessor : JSR-330 'javax.inject.Inject' annotation found and supported for autowiring
2019-04-11 10:43:16.454  INFO 15080 --- [http-nio-8769-exec-8] c.netflix.config.ChainedDynamicProperty  : Flipping property: service-feign-hystrix.ribbon.ActiveConnectionsLimit to use NEXT property: niws.loadbalancer.availabilityFilteringRule.activeConnectionsLimit = 2147483647
2019-04-11 10:43:16.475  INFO 15080 --- [http-nio-8769-exec-8] c.n.u.concurrent.ShutdownEnabledTimer    : Shutdown hook installed for: NFLoadBalancer-PingTimer-service-feign-hystrix
2019-04-11 10:43:16.502  INFO 15080 --- [http-nio-8769-exec-8] c.netflix.loadbalancer.BaseLoadBalancer  : Client: service-feign-hystrix instantiated a LoadBalancer: DynamicServerListLoadBalancer:{NFLoadBalancer:name=service-feign-hystrix,current list of Servers=[],Load balancer stats=Zone stats: {},Server stats: []}ServerList:null
2019-04-11 10:43:16.509  INFO 15080 --- [http-nio-8769-exec-8] c.n.l.DynamicServerListLoadBalancer      : Using serverListUpdater PollingServerListUpdater
2019-04-11 10:43:16.534  INFO 15080 --- [http-nio-8769-exec-8] c.netflix.config.ChainedDynamicProperty  : Flipping property: service-feign-hystrix.ribbon.ActiveConnectionsLimit to use NEXT property: niws.loadbalancer.availabilityFilteringRule.activeConnectionsLimit = 2147483647
2019-04-11 10:43:16.540  INFO 15080 --- [http-nio-8769-exec-8] c.n.l.DynamicServerListLoadBalancer      : DynamicServerListLoadBalancer for client service-feign-hystrix initialized: DynamicServerListLoadBalancer:{NFLoadBalancer:name=service-feign-hystrix,current list of Servers=[localhost:8767],Load balancer stats=Zone stats: {defaultzone=[Zone:defaultzone;	Instance count:1;	Active connections count: 0;	Circuit breaker tripped count: 0;	Active connections per server: 0.0;]
},Server stats: [[Server:localhost:8767;	Zone:defaultZone;	Total Requests:0;	Successive connection failure:0;	Total blackout seconds:0;	Last connection made:Thu Jan 01 08:00:00 CST 1970;	First connection made: Thu Jan 01 08:00:00 CST 1970;	Active Connections:0;	total failure count in last (1000) msecs:0;	average resp time:0.0;	90 percentile resp time:0.0;	95 percentile resp time:0.0;	min resp time:0.0;	max resp time:0.0;	stddev resp time:0.0]
]}ServerList:org.springframework.cloud.netflix.ribbon.eureka.DomainExtractingServerList@3d0c4b90
2019-04-11 10:43:17.514  INFO 15080 --- [PollingServerListUpdater-0] c.netflix.config.ChainedDynamicProperty  : Flipping property: service-feign-hystrix.ribbon.ActiveConnectionsLimit to use NEXT property: niws.loadbalancer.availabilityFilteringRule.activeConnectionsLimit = 2147483647
2019-04-11 10:48:11.038  INFO 15080 --- [AsyncResolver-bootstrap-executor-0] c.n.d.s.r.aws.ConfigClusterResolver      : Resolving eureka endpoints via configuration
2019-04-11 18:31:12.751  INFO [zipkin-hi,,,] 15964 --- [main] com.lang.zipkinhi.ZipkinHiApplication    : No active profile set, falling back to default profiles: default
2019-04-11 18:31:12.769  INFO [zipkin-hi,,,] 15964 --- [main] ConfigServletWebServerApplicationContext : Refreshing org.springframework.boot.web.servlet.context.AnnotationConfigServletWebServerApplicationContext@6ca18a14: startup date [Thu Apr 11 18:31:12 CST 2019]; parent: org.springframework.context.annotation.AnnotationConfigApplicationContext@1139b2f3
2019-04-11 18:31:13.555  INFO [zipkin-hi,,,] 15964 --- [main] o.s.cloud.context.scope.GenericScope     : BeanFactory id=7a03710d-e26f-300f-87ba-e1fdab2fd9bd
2019-04-11 18:31:13.838  INFO [zipkin-hi,,,] 15964 --- [main] trationDelegate$BeanPostProcessorChecker : Bean 'org.springframework.cloud.autoconfigure.ConfigurationPropertiesRebinderAutoConfiguration' of type [org.springframework.cloud.autoconfigure.ConfigurationPropertiesRebinderAutoConfiguration$$EnhancerBySpringCGLIB$$e8c3663b] is not eligible for getting processed by all BeanPostProcessors (for example: not eligible for auto-proxying)
2019-04-11 18:31:14.362  INFO [zipkin-hi,,,] 15964 --- [main] o.s.b.w.embedded.tomcat.TomcatWebServer  : Tomcat initialized with port(s): 8988 (http)
2019-04-11 18:31:14.411  INFO [zipkin-hi,,,] 15964 --- [main] o.apache.catalina.core.StandardService   : Starting service [Tomcat]
2019-04-11 18:31:14.411  INFO [zipkin-hi,,,] 15964 --- [main] org.apache.catalina.core.StandardEngine  : Starting Servlet Engine: Apache Tomcat/8.5.31
2019-04-11 18:31:14.417  INFO [zipkin-hi,,,] 15964 --- [localhost-startStop-1] o.a.catalina.core.AprLifecycleListener   : The APR based Apache Tomcat Native library which allows optimal performance in production environments was not found on the java.library.path: [C:\Program Files\Java\jdk\bin;C:\WINDOWS\Sun\Java\bin;C:\WINDOWS\system32;C:\WINDOWS;C:\Perl64\site\bin;C:\Perl64\bin;C:\Program Files\VanDyke Software\Clients\;C:\ProgramData\Oracle\Java\javapath;C:\Program Files\Java\jdk\bin;C:\Windows\system32;C:\Windows;C:\Windows\System32\Wbem;C:\Windows\System32\WindowsPowerShell\v1.0\;C:\Program Files (x86)\NVIDIA Corporation\PhysX\Common;C:\Program Files\Intel\WiFi\bin\;C:\Program Files\Common Files\Intel\WirelessCommon\;C:\WINDOWS\system32;C:\WINDOWS;C:\WINDOWS\System32\Wbem;C:\WINDOWS\System32\WindowsPowerShell\v1.0\;C:\Program Files\TortoiseSVN\bin;C:\Program Files\Java\jdk\jre\bin;C:\Program Files\MySQL\MySQL Server 5.7\bin;C:\WINDOWS\System32\OpenSSH\;C:\Program Files\Git\cmd;D:\nodejs\;C:\Users\杨舜\AppData\Local\Google\Chrome\Application\;D:\Apache\maven\bin\;C:\Redis\;D:\program\erl10.3\bin;C:\Users\杨舜\AppData\Local\Programs\Python\Python37\Scripts\;C:\Users\杨舜\AppData\Local\Programs\Python\Python37\;C:\Users\杨舜\AppData\Local\Microsoft\WindowsApps;C:\Users\杨舜\AppData\Roaming\npm;C:\Users\杨舜\AppData\Local\GitHubDesktop\bin;.]
2019-04-11 18:31:14.619  INFO [zipkin-hi,,,] 15964 --- [localhost-startStop-1] o.a.c.c.C.[Tomcat].[localhost].[/]       : Initializing Spring embedded WebApplicationContext
2019-04-11 18:31:14.620  INFO [zipkin-hi,,,] 15964 --- [localhost-startStop-1] o.s.web.context.ContextLoader            : Root WebApplicationContext: initialization completed in 1851 ms
2019-04-11 18:31:15.781  INFO [zipkin-hi,,,] 15964 --- [localhost-startStop-1] o.s.b.w.servlet.FilterRegistrationBean   : Mapping filter: 'characterEncodingFilter' to: [/*]
2019-04-11 18:31:15.782  INFO [zipkin-hi,,,] 15964 --- [localhost-startStop-1] o.s.b.w.servlet.FilterRegistrationBean   : Mapping filter: 'tracingFilter' to: [/*]
2019-04-11 18:31:15.783  INFO [zipkin-hi,,,] 15964 --- [localhost-startStop-1] o.s.b.w.servlet.FilterRegistrationBean   : Mapping filter: 'exceptionLoggingFilter' to: [/*]
2019-04-11 18:31:15.783  INFO [zipkin-hi,,,] 15964 --- [localhost-startStop-1] o.s.b.w.servlet.FilterRegistrationBean   : Mapping filter: 'hiddenHttpMethodFilter' to: [/*]
2019-04-11 18:31:15.783  INFO [zipkin-hi,,,] 15964 --- [localhost-startStop-1] o.s.b.w.servlet.FilterRegistrationBean   : Mapping filter: 'httpPutFormContentFilter' to: [/*]
2019-04-11 18:31:15.783  INFO [zipkin-hi,,,] 15964 --- [localhost-startStop-1] o.s.b.w.servlet.FilterRegistrationBean   : Mapping filter: 'requestContextFilter' to: [/*]
2019-04-11 18:31:15.783  INFO [zipkin-hi,,,] 15964 --- [localhost-startStop-1] o.s.b.w.servlet.ServletRegistrationBean  : Servlet dispatcherServlet mapped to [/]
2019-04-11 18:31:15.995  INFO [zipkin-hi,,,] 15964 --- [main] o.s.w.s.handler.SimpleUrlHandlerMapping  : Mapped URL path [/**/favicon.ico] onto handler of type [class org.springframework.web.servlet.resource.ResourceHttpRequestHandler]
2019-04-11 18:31:16.782  INFO [zipkin-hi,,,] 15964 --- [main] s.w.s.m.m.a.RequestMappingHandlerAdapter : Looking for @ControllerAdvice: org.springframework.boot.web.servlet.context.AnnotationConfigServletWebServerApplicationContext@6ca18a14: startup date [Thu Apr 11 18:31:12 CST 2019]; parent: org.springframework.context.annotation.AnnotationConfigApplicationContext@1139b2f3
2019-04-11 18:31:16.925  INFO [zipkin-hi,,,] 15964 --- [main] s.w.s.m.m.a.RequestMappingHandlerMapping : Mapped "{[/info]}" onto public java.lang.String com.lang.zipkinhi.ZipkinHiApplication.info()
2019-04-11 18:31:16.927  INFO [zipkin-hi,,,] 15964 --- [main] s.w.s.m.m.a.RequestMappingHandlerMapping : Mapped "{[/hi]}" onto public java.lang.String com.lang.zipkinhi.ZipkinHiApplication.callHome()
2019-04-11 18:31:16.936  INFO [zipkin-hi,,,] 15964 --- [main] s.w.s.m.m.a.RequestMappingHandlerMapping : Mapped "{[/error]}" onto public org.springframework.http.ResponseEntity<java.util.Map<java.lang.String, java.lang.Object>> org.springframework.boot.autoconfigure.web.servlet.error.BasicErrorController.error(javax.servlet.http.HttpServletRequest)
2019-04-11 18:31:16.937  INFO [zipkin-hi,,,] 15964 --- [main] s.w.s.m.m.a.RequestMappingHandlerMapping : Mapped "{[/error],produces=[text/html]}" onto public org.springframework.web.servlet.ModelAndView org.springframework.boot.autoconfigure.web.servlet.error.BasicErrorController.errorHtml(javax.servlet.http.HttpServletRequest,javax.servlet.http.HttpServletResponse)
2019-04-11 18:31:17.064  INFO [zipkin-hi,,,] 15964 --- [main] o.s.w.s.handler.SimpleUrlHandlerMapping  : Mapped URL path [/webjars/**] onto handler of type [class org.springframework.web.servlet.resource.ResourceHttpRequestHandler]
2019-04-11 18:31:17.065  INFO [zipkin-hi,,,] 15964 --- [main] o.s.w.s.handler.SimpleUrlHandlerMapping  : Mapped URL path [/**] onto handler of type [class org.springframework.web.servlet.resource.ResourceHttpRequestHandler]
2019-04-11 18:31:20.009  INFO [zipkin-hi,,,] 15964 --- [main] o.s.cloud.commons.util.InetUtils         : Cannot determine local hostname
2019-04-11 18:31:22.880  INFO [zipkin-hi,,,] 15964 --- [main] o.s.j.e.a.AnnotationMBeanExporter        : Registering beans for JMX exposure on startup
2019-04-11 18:31:22.895  INFO [zipkin-hi,,,] 15964 --- [main] o.s.j.e.a.AnnotationMBeanExporter        : Bean with name 'configurationPropertiesRebinder' has been autodetected for JMX exposure
2019-04-11 18:31:22.896  INFO [zipkin-hi,,,] 15964 --- [main] o.s.j.e.a.AnnotationMBeanExporter        : Bean with name 'environmentManager' has been autodetected for JMX exposure
2019-04-11 18:31:22.897  INFO [zipkin-hi,,,] 15964 --- [main] o.s.j.e.a.AnnotationMBeanExporter        : Bean with name 'refreshScope' has been autodetected for JMX exposure
2019-04-11 18:31:22.909  INFO [zipkin-hi,,,] 15964 --- [main] o.s.j.e.a.AnnotationMBeanExporter        : Located managed bean 'environmentManager': registering with JMX server as MBean [org.springframework.cloud.context.environment:name=environmentManager,type=EnvironmentManager]
2019-04-11 18:31:22.934  INFO [zipkin-hi,,,] 15964 --- [main] o.s.j.e.a.AnnotationMBeanExporter        : Located managed bean 'refreshScope': registering with JMX server as MBean [org.springframework.cloud.context.scope.refresh:name=refreshScope,type=RefreshScope]
2019-04-11 18:31:22.979  INFO [zipkin-hi,,,] 15964 --- [main] o.s.j.e.a.AnnotationMBeanExporter        : Located managed bean 'configurationPropertiesRebinder': registering with JMX server as MBean [org.springframework.cloud.context.properties:name=configurationPropertiesRebinder,context=6ca18a14,type=ConfigurationPropertiesRebinder]
2019-04-11 18:31:23.195  INFO [zipkin-hi,,,] 15964 --- [main] o.s.b.w.embedded.tomcat.TomcatWebServer  : Tomcat started on port(s): 8988 (http) with context path ''
2019-04-11 18:31:23.201  INFO [zipkin-hi,,,] 15964 --- [main] com.lang.zipkinhi.ZipkinHiApplication    : Started ZipkinHiApplication in 16.215 seconds (JVM running for 18.755)
2019-04-11 18:35:55.481  INFO [zipkin-hi,,,] 15964 --- [http-nio-8988-exec-10] o.a.c.c.C.[Tomcat].[localhost].[/]       : Initializing Spring FrameworkServlet 'dispatcherServlet'
2019-04-11 18:35:55.482  INFO [zipkin-hi,,,] 15964 --- [http-nio-8988-exec-10] o.s.web.servlet.DispatcherServlet        : FrameworkServlet 'dispatcherServlet': initialization started
2019-04-11 18:35:55.513  INFO [zipkin-hi,,,] 15964 --- [http-nio-8988-exec-10] o.s.web.servlet.DispatcherServlet        : FrameworkServlet 'dispatcherServlet': initialization completed in 31 ms
2019-04-11 18:35:55.541  INFO [zipkin-hi,22f6fe0da7210644,1009d5f5c961bb94,true] 15964 --- [http-nio-8988-exec-10] com.lang.zipkinhi.ZipkinHiApplication    : calling trace Zipkin-hi
2019-04-11 18:38:12.544  INFO [zipkin-hi,828dc36d4c58551f,828dc36d4c58551f,true] 15964 --- [http-nio-8988-exec-8] com.lang.zipkinhi.ZipkinHiApplication    : calling trace service-hi  
2019-04-11 18:38:12.590  INFO [zipkin-hi,828dc36d4c58551f,be1656645865fde8,true] 15964 --- [http-nio-8988-exec-7] com.lang.zipkinhi.ZipkinHiApplication    : calling trace Zipkin-hi
2019-04-11 18:38:50.747  INFO [zipkin-hi,cd1498d5ac45e10a,cd1498d5ac45e10a,false] 15964 --- [http-nio-8988-exec-5] com.lang.zipkinhi.ZipkinHiApplication    : calling trace Zipkin-hi
